c:\openhaptics\academic\3.1\examples\hd\console\unstablebehavior\win32\debug\vc120.pdb
c:\openhaptics\academic\3.1\examples\hd\console\unstablebehavior\win32\debug\vc120.idb
c:\openhaptics\academic\3.1\examples\hd\console\unstablebehavior\win32\debug\commandjointtorque.obj
f:\nafise\git\omnihaptic\win32\debug\vc120.pdb
f:\nafise\git\omnihaptic\win32\debug\vc120.idb
f:\nafise\git\omnihaptic\multidof\win32\debug\vc120.pdb
f:\nafise\git\omnihaptic\multidof\win32\debug\vc120.idb
f:\nafise\git\omnihaptic\multidof\win32\debug\commandjointtorque.obj
f:\nafise\git\omnihaptic\multidofwithnlopt\win32\debug\vc120.pdb
f:\nafise\git\omnihaptic\multidofwithnlopt\win32\debug\vc120.idb
f:\nafise\git\omnihaptic\multidofwithnlopt\win32\debug\commandjointtorque.obj
f:\nafise\hapticcodejobapply\passivitycontrolofhapticrobot - copy\win32\debug\commandjointtorque.obj
f:\nafise\hapticcodejobapply\passivitycontrolofhapticrobot - copy\win32\debug\vc120.idb
f:\nafise\hapticcodejobapply\passivitycontrolofhapticrobot - copy\win32\debug\vc120.pdb
f:\nafise\hapticcodejobapply\passivitycontrolofhapticrobot - copy\win32\debug\commandj.4e336163.tlog\cl.command.1.tlog
f:\nafise\hapticcodejobapply\passivitycontrolofhapticrobot - copy\win32\debug\commandj.4e336163.tlog\cl.read.1.tlog
f:\nafise\hapticcodejobapply\passivitycontrolofhapticrobot - copy\win32\debug\commandj.4e336163.tlog\cl.write.1.tlog
f:\nafise\hapticcodejobapply\passivitycontrolofhapticrobot - copy\win32\debug\commandj.4e336163.tlog\link.command.1.tlog
f:\nafise\hapticcodejobapply\passivitycontrolofhapticrobot - copy\win32\debug\commandj.4e336163.tlog\link.read.1.tlog
f:\nafise\hapticcodejobapply\passivitycontrolofhapticrobot - copy\win32\debug\commandj.4e336163.tlog\link.write.1.tlog
