Build started 5/5/2023 5:11:35 PM.
     1>Project "F:\Nafise\git\OmniHaptic\MultiDofWithNlopt\CommandJointTorque_VS2010.vcxproj" on node 2 (Build target(s)).
     1>ClCompile:
         D:\Program Files (x86)\Microsoft Visual Studio 12.0\VC\bin\CL.exe /c /IF:\Nafise\git\nlop\bin /IF:\Nafise\git\nlop /IF:\Nafise\git\nlop\include /IC:\OpenHaptics\Academic\3.1\include /IC:\OpenHaptics\Academic\3.1\utilities\include /Zi /nologo /W3 /WX- /O2 /Oy- /GL /D WIN32 /D NDEBUG /D _CONSOLE /D _UNICODE /D UNICODE /Gm- /EHsc /MD /GS /fp:precise /Zc:wchar_t /Zc:forScope /Fo"Win32\ReleaseAcademicEdition\\" /Fd"Win32\ReleaseAcademicEdition\vc120.pdb" /Gd /TP /analyze- /errorReport:prompt CommandJointTorque.cpp
         CommandJointTorque.cpp
     1>CommandJointTorque.cpp(867): warning C4996: 'getch': The POSIX name for this item is deprecated. Instead, use the ISO C++ conformant name: _getch. See online help for details.
                 D:\Program Files (x86)\Microsoft Visual Studio 12.0\VC\include\conio.h(131) : see declaration of 'getch'
     1>CommandJointTorque.cpp(878): warning C4996: 'getch': The POSIX name for this item is deprecated. Instead, use the ISO C++ conformant name: _getch. See online help for details.
                 D:\Program Files (x86)\Microsoft Visual Studio 12.0\VC\include\conio.h(131) : see declaration of 'getch'
     1>CommandJointTorque.cpp(966): warning C4996: 'getch': The POSIX name for this item is deprecated. Instead, use the ISO C++ conformant name: _getch. See online help for details.
                 D:\Program Files (x86)\Microsoft Visual Studio 12.0\VC\include\conio.h(131) : see declaration of 'getch'
     1>CommandJointTorque.cpp(986): warning C4996: 'getch': The POSIX name for this item is deprecated. Instead, use the ISO C++ conformant name: _getch. See online help for details.
                 D:\Program Files (x86)\Microsoft Visual Studio 12.0\VC\include\conio.h(131) : see declaration of 'getch'
     1>CommandJointTorque.cpp(1047): warning C4101: 'p' : unreferenced local variable
     1>CommandJointTorque.cpp(1030): warning C4101: 'ePassive' : unreferenced local variable
     1>CommandJointTorque.cpp(1005): warning C4101: 'khat' : unreferenced local variable
     1>CommandJointTorque.cpp(1048): warning C4101: 'z' : unreferenced local variable
     1>CommandJointTorque.cpp(1046): warning C4101: 'l' : unreferenced local variable
     1>CommandJointTorque.cpp(1852): warning C4996: 'getch': The POSIX name for this item is deprecated. Instead, use the ISO C++ conformant name: _getch. See online help for details.
                 D:\Program Files (x86)\Microsoft Visual Studio 12.0\VC\include\conio.h(131) : see declaration of 'getch'
     1>CommandJointTorque.cpp(1861): warning C4996: 'getch': The POSIX name for this item is deprecated. Instead, use the ISO C++ conformant name: _getch. See online help for details.
                 D:\Program Files (x86)\Microsoft Visual Studio 12.0\VC\include\conio.h(131) : see declaration of 'getch'
       Link:
         D:\Program Files (x86)\Microsoft Visual Studio 12.0\VC\bin\link.exe /ERRORREPORT:PROMPT /OUT:"Win32\ReleaseAcademicEdition\CommandJointTorque.exe" /INCREMENTAL:NO /NOLOGO /LIBPATH:F:\Nafise\git\nlop\lib /LIBPATH:F:\Nafise\git\nlop\bin /LIBPATH:F:\Nafise\git\nlop /LIBPATH:C:\OpenHaptics\Academic\3.1\lib\Win32\ReleaseAcademicEdition /LIBPATH:C:\OpenHaptics\Academic\3.1\utilities\lib\Win32\ReleaseAcademicEdition /LIBPATH:C:\OpenHaptics\Academic\3.1\lib\Win32 hd.lib hdu.lib libnlopt.dll.a kernel32.lib user32.lib gdi32.lib winspool.lib comdlg32.lib advapi32.lib shell32.lib ole32.lib oleaut32.lib uuid.lib odbc32.lib odbccp32.lib /MANIFEST /MANIFESTUAC:"level='asInvoker' uiAccess='false'" /manifest:embed /DEBUG /PDB:"Win32\ReleaseAcademicEdition\CommandJointTorque.pdb" /SUBSYSTEM:CONSOLE /OPT:REF /OPT:ICF /LTCG /TLBID:1 /DYNAMICBASE /NXCOMPAT /IMPLIB:"Win32\ReleaseAcademicEdition\CommandJointTorque.lib" /MACHINE:X86 /SAFESEH Win32\ReleaseAcademicEdition\CommandJointTorque.obj
         Generating code
     1>f:\nafise\git\omnihaptic\multidofwithnlopt\commandjointtorque.cpp(1875): warning C4715: 'initDemo' : not all control paths return a value
         Finished generating code
         CommandJointTorque_VS2010.vcxproj -> F:\Nafise\git\OmniHaptic\MultiDofWithNlopt\Win32\ReleaseAcademicEdition\CommandJointTorque.exe
       PostBuildEvent:
         echo on
         mkdir F:\Nafise\git\OmniHaptic\MultiDofWithNlopt\\..\..\bin\Win32\HD
         copy "Win32\ReleaseAcademicEdition\\CommandJointTorque.exe" "F:\Nafise\git\OmniHaptic\MultiDofWithNlopt\\..\..\bin\Win32\HD
         :VCEnd
         A subdirectory or file F:\Nafise\git\OmniHaptic\MultiDofWithNlopt\\..\..\bin\Win32\HD already exists.
                 1 file(s) copied.
     1>Done Building Project "F:\Nafise\git\OmniHaptic\MultiDofWithNlopt\CommandJointTorque_VS2010.vcxproj" (Build target(s)).

Build succeeded.

Time Elapsed 00:00:01.36
