Build started 11/19/2023 10:27:54 PM.
     1>Project "F:\Nafise\hapticCodeJobApply\CommandJointTorque_VS2010.vcxproj" on node 2 (Build target(s)).
     1>ClCompile:
         D:\Program Files (x86)\Microsoft Visual Studio 12.0\VC\bin\CL.exe /c /IF:\Nafise\git\nlop\bin /IF:\Nafise\git\nlop /IF:\Nafise\git\nlop\include /IC:\OpenHaptics\Academic\3.1\include /IC:\OpenHaptics\Academic\3.1\utilities\include /ZI /nologo /W3 /WX- /Od /Oy- /D WIN32 /D _DEBUG /D _CONSOLE /D _UNICODE /D UNICODE /Gm /EHsc /RTC1 /MDd /GS /fp:precise /Zc:wchar_t /Zc:forScope /Fo"Win32\DebugAcademicEdition\\" /Fd"Win32\DebugAcademicEdition\vc120.pdb" /Gd /TP /analyze- /errorReport:prompt CommandJointTorque.cpp
         CommandJointTorque.cpp
     1>f:\nafise\hapticcodejobapply\commandjointtorque.cpp(271): warning C4996: 'getch': The POSIX name for this item is deprecated. Instead, use the ISO C++ conformant name: _getch. See online help for details.
                 d:\program files (x86)\microsoft visual studio 12.0\vc\include\conio.h(131) : see declaration of 'getch'
     1>f:\nafise\hapticcodejobapply\commandjointtorque.cpp(282): warning C4996: 'getch': The POSIX name for this item is deprecated. Instead, use the ISO C++ conformant name: _getch. See online help for details.
                 d:\program files (x86)\microsoft visual studio 12.0\vc\include\conio.h(131) : see declaration of 'getch'
     1>f:\nafise\hapticcodejobapply\commandjointtorque.cpp(370): warning C4996: 'getch': The POSIX name for this item is deprecated. Instead, use the ISO C++ conformant name: _getch. See online help for details.
                 d:\program files (x86)\microsoft visual studio 12.0\vc\include\conio.h(131) : see declaration of 'getch'
     1>f:\nafise\hapticcodejobapply\commandjointtorque.cpp(388): warning C4996: 'getch': The POSIX name for this item is deprecated. Instead, use the ISO C++ conformant name: _getch. See online help for details.
                 d:\program files (x86)\microsoft visual studio 12.0\vc\include\conio.h(131) : see declaration of 'getch'
     1>f:\nafise\hapticcodejobapply\commandjointtorque.cpp(434): warning C4101: 'p' : unreferenced local variable
     1>f:\nafise\hapticcodejobapply\commandjointtorque.cpp(435): warning C4101: 'z' : unreferenced local variable
     1>f:\nafise\hapticcodejobapply\commandjointtorque.cpp(433): warning C4101: 'l' : unreferenced local variable
     1>f:\nafise\hapticcodejobapply\commandjointtorque.cpp(619): warning C4996: 'getch': The POSIX name for this item is deprecated. Instead, use the ISO C++ conformant name: _getch. See online help for details.
                 d:\program files (x86)\microsoft visual studio 12.0\vc\include\conio.h(131) : see declaration of 'getch'
     1>f:\nafise\hapticcodejobapply\commandjointtorque.cpp(628): warning C4996: 'getch': The POSIX name for this item is deprecated. Instead, use the ISO C++ conformant name: _getch. See online help for details.
                 d:\program files (x86)\microsoft visual studio 12.0\vc\include\conio.h(131) : see declaration of 'getch'
     1>f:\nafise\hapticcodejobapply\commandjointtorque.cpp(642): warning C4715: 'initDemo' : not all control paths return a value
       Link:
         D:\Program Files (x86)\Microsoft Visual Studio 12.0\VC\bin\link.exe /ERRORREPORT:PROMPT /OUT:"Win32\DebugAcademicEdition\CommandJointTorque.exe" /INCREMENTAL /NOLOGO /LIBPATH:F:\Nafise\git\nlop\lib /LIBPATH:F:\Nafise\git\nlop\bin /LIBPATH:F:\Nafise\git\nlop /LIBPATH:C:\OpenHaptics\Academic\3.1\lib\Win32\DebugAcademicEdition /LIBPATH:C:\OpenHaptics\Academic\3.1\utilities\lib\Win32\DebugAcademicEdition /LIBPATH:C:\OpenHaptics\Academic\3.1\lib\Win32 hd.lib hdu.lib libnlopt.dll.a kernel32.lib user32.lib gdi32.lib winspool.lib comdlg32.lib advapi32.lib shell32.lib ole32.lib oleaut32.lib uuid.lib odbc32.lib odbccp32.lib /MANIFEST /MANIFESTUAC:"level='asInvoker' uiAccess='false'" /manifest:embed /DEBUG /PDB:"Win32\DebugAcademicEdition\CommandJointTorque.pdb" /SUBSYSTEM:CONSOLE /TLBID:1 /DYNAMICBASE /NXCOMPAT /IMPLIB:"Win32\DebugAcademicEdition\CommandJointTorque.lib" /MACHINE:X86 /SAFESEH Win32\DebugAcademicEdition\CommandJointTorque.obj
         CommandJointTorque_VS2010.vcxproj -> F:\Nafise\hapticCodeJobApply\Win32\DebugAcademicEdition\CommandJointTorque.exe
     1>Done Building Project "F:\Nafise\hapticCodeJobApply\CommandJointTorque_VS2010.vcxproj" (Build target(s)).

Build succeeded.

Time Elapsed 00:00:01.28
